INFO PingM ping
INFO PingM ping: ping 127.0.0.1 -n 1
INFO PingM parser: ping 127.0.0.1 -n 1
INFO Command : ping
INFO Host    : 127.0.0.1
INFO Option  : -n
INFO PingM engine: ping 127.0.0.1 --n
INFO PingM engine: Bad option --n.

INFO PingM engine: 

INFO PingM engine: Usage: ping [-t] [-a] [-n count] [-l size] [-f] [-i TTL] [-v TOS]

INFO PingM engine:             [-r count] [-s count] [[-j host-list] | [-k host-list]]

INFO PingM engine:             [-w timeout] [-R] [-S srcaddr] [-c compartment] [-p]

INFO PingM engine:             [-4] [-6] target_name

INFO PingM engine: 

INFO PingM engine: Options:

INFO PingM engine:     -t             Ping the specified host until stopped.

INFO PingM engine:                    To see statistics and continue - type Control-Break;

INFO PingM engine:                    To stop - type Control-C.

INFO PingM engine:     -a             Resolve addresses to hostnames.

INFO PingM engine:     -n count       Number of echo requests to send.

INFO PingM engine:     -l size        Send buffer size.

INFO PingM engine:     -f             Set Don't Fragment flag in packet (IPv4-only).

INFO PingM engine:     -i TTL         Time To Live.

INFO PingM engine:     -v TOS         Type Of Service (IPv4-only. This setting has been deprecated

INFO PingM engine:                    and has no effect on the type of service field in the IP

INFO PingM engine:                    Header).

INFO PingM engine:     -r count       Record route for count hops (IPv4-only).

INFO PingM engine:     -s count       Timestamp for count hops (IPv4-only).

INFO PingM engine:     -j host-list   Loose source route along host-list (IPv4-only).

INFO PingM engine:     -k host-list   Strict source route along host-list (IPv4-only).

INFO PingM engine:     -w timeout     Timeout in milliseconds to wait for each reply.

INFO PingM engine:     -R             Use routing header to test reverse route also (IPv6-only).

INFO PingM engine:                    Per RFC 5095 the use of this routing header has been

INFO PingM engine:                    deprecated. Some systems may drop echo requests if

INFO PingM engine:                    this header is used.

INFO PingM engine:     -S srcaddr     Source address to use.

INFO PingM engine:     -c compartment Routing compartment identifier.

INFO PingM engine:     -p             Ping a Hyper-V Network Virtualization provider address.

INFO PingM engine:     -4             Force using IPv4.

INFO PingM engine:     -6             Force using IPv6.

INFO PingM engine: 

INFO PingM ping
INFO PingM ping: ping 127.0.0.1 -n 1
INFO PingM parser: ping 127.0.0.1 -n 1
INFO Command : ping
INFO Host    : 127.0.0.1
INFO Option  : -n
INFO PingM engine: ping 127.0.0.1 --n
INFO PingM engine: Bad option --n.

INFO PingM engine: 

INFO PingM engine: Usage: ping [-t] [-a] [-n count] [-l size] [-f] [-i TTL] [-v TOS]

INFO PingM engine:             [-r count] [-s count] [[-j host-list] | [-k host-list]]

INFO PingM engine:             [-w timeout] [-R] [-S srcaddr] [-c compartment] [-p]

INFO PingM engine:             [-4] [-6] target_name

INFO PingM engine: 

INFO PingM engine: Options:

INFO PingM engine:     -t             Ping the specified host until stopped.

INFO PingM engine:                    To see statistics and continue - type Control-Break;

INFO PingM engine:                    To stop - type Control-C.

INFO PingM engine:     -a             Resolve addresses to hostnames.

INFO PingM engine:     -n count       Number of echo requests to send.

INFO PingM engine:     -l size        Send buffer size.

INFO PingM engine:     -f             Set Don't Fragment flag in packet (IPv4-only).

INFO PingM engine:     -i TTL         Time To Live.

INFO PingM engine:     -v TOS         Type Of Service (IPv4-only. This setting has been deprecated

INFO PingM engine:                    and has no effect on the type of service field in the IP

INFO PingM engine:                    Header).

INFO PingM engine:     -r count       Record route for count hops (IPv4-only).

INFO PingM engine:     -s count       Timestamp for count hops (IPv4-only).

INFO PingM engine:     -j host-list   Loose source route along host-list (IPv4-only).

INFO PingM engine:     -k host-list   Strict source route along host-list (IPv4-only).

INFO PingM engine:     -w timeout     Timeout in milliseconds to wait for each reply.

INFO PingM engine:     -R             Use routing header to test reverse route also (IPv6-only).

INFO PingM engine:                    Per RFC 5095 the use of this routing header has been

INFO PingM engine:                    deprecated. Some systems may drop echo requests if

INFO PingM engine:                    this header is used.

INFO PingM engine:     -S srcaddr     Source address to use.

INFO PingM engine:     -c compartment Routing compartment identifier.

INFO PingM engine:     -p             Ping a Hyper-V Network Virtualization provider address.

INFO PingM engine:     -4             Force using IPv4.

INFO PingM engine:     -6             Force using IPv6.

INFO PingM engine: 

INFO PingM ping
INFO PingM ping: ping 127.0.0.1
INFO PingM parser: ping 127.0.0.1
INFO Command : ping
INFO Host    : 127.0.0.1
INFO PingM engine: ping 127.0.0.1
INFO PingM engine: 

INFO PingM engine: Pinging 127.0.0.1 with 32 bytes of data:

INFO PingM engine: Reply from 127.0.0.1: bytes=32 time<1ms TTL=128

INFO PingM engine: Reply from 127.0.0.1: bytes=32 time<1ms TTL=128

INFO PingM engine: Reply from 127.0.0.1: bytes=32 time<1ms TTL=128

INFO PingM engine: Reply from 127.0.0.1: bytes=32 time<1ms TTL=128

INFO PingM engine: 

INFO PingM engine: Ping statistics for 127.0.0.1:

INFO PingM engine:     Packets: Sent = 4, Received = 4, Lost = 0 (0% loss),

INFO PingM engine: Approximate round trip times in milli-seconds:

INFO PingM engine:     Minimum = 0ms, Maximum = 0ms, Average = 0ms

INFO PingM ping
INFO PingM ping: ping 10.255.255.1
INFO PingM parser: ping 10.255.255.1
INFO Command : ping
INFO Host    : 10.255.255.1
INFO PingM ping: ping 127.0.0.1
5.1
INFO PingM parser: ping 127.0.0.1
INFO Command : ping
INFO Host    : 127.0.0.1
INFO PingM engine: ping 127.0.0.1
INFO PingM engine: 
Pinging 127.0.0.1 with 32 bytes of data:
Reply from 127.0.0.1: bytes=32 time<1ms TTL=128
Reply from 127.0.0.1: bytes=32 time<1ms TTL=128
Reply from 127.0.0.1: bytes=32 time<1ms TTL=128
Reply from 127.0.0.1: bytes=32 time<1ms TTL=128

Ping statistics for 127.0.0.1:
    Packets: Sent = 4, Received = 4, Lost = 0 (0% loss),
Approximate round trip times in milli-seconds:
    Minimum = 0ms, Maximum = 0ms, Average = 0ms

INFO PingM output parser: IP reachable
INFO PingM engine: 
Pinging 10.255.255.1 with 32 bytes of data:
Reply from 10.255.255.1: bytes=32 time=5ms TTL=61
Reply from 10.255.255.1: bytes=32 time=9ms TTL=61
Reply from 10.255.255.1: bytes=32 time=19ms TTL=61
Reply from 10.255.255.1: bytes=32 time=9ms TTL=61

Ping statistics for 10.255.255.1:
    Packets: Sent = 4, Received = 4, Lost = 0 (0% loss),
Approximate round trip times in milli-seconds:
    Minimum = 5ms, Maximum = 19ms, Average = 10ms

INFO PingM output parser: IP reachable
INFO PingM ping
INFO PingM ping: ping 192.0.2.1
INFO PingM parser: ping 192.0.2.1
INFO Command : ping
INFO Host    : 192.0.2.1
INFO PingM engine: ping 192.0.2.1
INFO PingM engine: 
Pinging 192.0.2.1 with 32 bytes of data:
Request timed out.
Request timed out.
Request timed out.
Request timed out.

Ping statistics for 192.0.2.1:
    Packets: Sent = 4, Received = 0, Lost = 4 (100% loss),

WARNING PingM output parser: IP unreachable
INFO PingM ping
INFO PingM ping: ping 8.8.8.8
INFO PingM parser: ping 8.8.8.8
INFO Command : ping
INFO Host    : 8.8.8.8
INFO PingM engine: ping 8.8.8.8
INFO PingM engine: 
Pinging 8.8.8.8 with 32 bytes of data:
Reply from 8.8.8.8: bytes=32 time=27ms TTL=116
Reply from 8.8.8.8: bytes=32 time=32ms TTL=116
Reply from 8.8.8.8: bytes=32 time=34ms TTL=116
Reply from 8.8.8.8: bytes=32 time=31ms TTL=116

Ping statistics for 8.8.8.8:
    Packets: Sent = 4, Received = 4, Lost = 0 (0% loss),
Approximate round trip times in milli-seconds:
    Minimum = 27ms, Maximum = 34ms, Average = 31ms

INFO PingM output parser: IP reachable
INFO PingM ping
INFO PingM ping: ping 10.4.4.58
INFO PingM parser: ping 10.4.4.58
INFO Command : ping
INFO Host    : 10.4.4.58
INFO PingM engine: ping 10.4.4.58
INFO PingM engine: 
Pinging 10.4.4.58 with 32 bytes of data:
Request timed out.
Request timed out.
Request timed out.
Request timed out.

Ping statistics for 10.4.4.58:
    Packets: Sent = 4, Received = 0, Lost = 4 (100% loss),

WARNING PingM output parser: IP unreachable
INFO PingM ping
INFO PingM ping: ping 127.0.0.1
INFO Built command: ping 127.0.0.1
INFO PingM engine: ping 127.0.0.1
INFO PingM engine: 
Pinging 127.0.0.1 with 32 bytes of data:
Reply from 127.0.0.1: bytes=32 time<1ms TTL=128
Reply from 127.0.0.1: bytes=32 time<1ms TTL=128
Reply from 127.0.0.1: bytes=32 time<1ms TTL=128
Reply from 127.0.0.1: bytes=32 time<1ms TTL=128

Ping statistics for 127.0.0.1:
    Packets: Sent = 4, Received = 4, Lost = 0 (0% loss),
Approximate round trip times in milli-seconds:
    Minimum = 0ms, Maximum = 0ms, Average = 0ms

INFO PingM output parser: IP reachable
INFO PingM ping
INFO PingM ping: ping 192.0.2.1
INFO Built command: ping 192.0.2.1
INFO PingM engine: ping 192.0.2.1
INFO PingM ping
INFO PingM ping: ping 127.0.0.1
INFO Built command: ping 127.0.0.1
INFO PingM engine: ping 127.0.0.1
INFO PingM engine: captured ping output
INFO PingM output parser: host=127.0.0.1 status=Reachable loss=0%
INFO ==============================
PingM Network Analysis Report
==============================

Host              : 127.0.0.1
Status            : Reachable

Packets Sent      : 4
Packets Received  : 4
Packet Loss       : 0%

Minimum RTT       : 0 ms
Maximum RTT       : 0 ms
Average RTT       : 0 ms
Jitter            : 0.0 ms
TTL               : 128
TTL Hint          : Windows

Connection        : Stable
Latency           : Excellent
Packet Loss       : Excellent
Jitter            : Excellent

Network Score     : 100/100
Overall Health    : Excellent

Recommendation

Network is healthy.
No corrective action required.

INFO PingM engine: captured ping output
INFO PingM output parser: host=192.0.2.1 status=Host Unreachable loss=100%
INFO ==============================
PingM Network Analysis Report
==============================

Host              : 192.0.2.1
Status            : Host Unreachable

Packets Sent      : 4
Packets Received  : 0
Packet Loss       : 1e+02%

Minimum RTT       : N/A
Maximum RTT       : N/A
Average RTT       : N/A
Jitter            : 0.0 ms
TTL               : N/A
TTL Hint          : Unknown

Connection        : N/A
Latency           : N/A
Packet Loss       : Failed
Jitter            : Excellent

Network Score     : 0/100
Overall Health    : Critical

Recommendation

Host is unreachable.
Check network connectivity.
Verify firewall configuration.
Confirm the target host is online.

INFO PingM ping
INFO PingM ping: ping 8.8.8.8
INFO Built command: ping 8.8.8.8
INFO PingM engine: ping 8.8.8.8
INFO PingM engine: captured ping output
INFO PingM output parser: host=8.8.8.8 status=Reachable loss=0%
INFO ==============================
PingM Network Analysis Report
==============================

Host              : 8.8.8.8
Status            : Reachable

Packets Sent      : 4
Packets Received  : 4
Packet Loss       : 0%

Minimum RTT       : 24 ms
Maximum RTT       : 37 ms
Average RTT       : 28 ms
Jitter            : 7.3 ms
TTL               : 116
TTL Hint          : Unknown

Connection        : Moderate
Latency           : Very Good
Packet Loss       : Excellent
Jitter            : Good

Network Score     : 100/100
Overall Health    : Excellent

Recommendation

Network is healthy.
No corrective action required.

INFO PingM ping
INFO PingM ping: ping 10.4.4.58
INFO Built command: ping 10.4.4.58
INFO PingM engine: ping 10.4.4.58
INFO PingM engine: captured ping output
INFO PingM output parser: host=10.4.4.58 status=Host Unreachable loss=100%
INFO ==============================
PingM Network Analysis Report
==============================

Host              : 10.4.4.58
Status            : Host Unreachable

Packets Sent      : 4
Packets Received  : 0
Packet Loss       : 100%

Minimum RTT       : N/A
Maximum RTT       : N/A
Average RTT       : N/A
Jitter            : 0.0 ms
TTL               : N/A
TTL Hint          : Unknown

Connection        : N/A
Latency           : N/A
Packet Loss       : Failed
Jitter            : Excellent

Network Score     : 0/100
Overall Health    : Critical

Recommendation

Host is unreachable.
Check network connectivity.
Verify firewall configuration.
Confirm the target host is online.

INFO PingM ping
INFO PingM ping: ping 10.4.4.58
INFO Built command: ping 10.4.4.58
INFO PingM engine: ping 10.4.4.58
INFO PingM engine: captured ping output
INFO PingM output parser: host=10.4.4.58 status=Reachable loss=0%
INFO ==============================
PingM Network Analysis Report
==============================

Host              : 10.4.4.58
Status            : Reachable

Packets Sent      : 4
Packets Received  : 4
Packet Loss       : 0%

Minimum RTT       : 249 ms
Maximum RTT       : 335 ms
Average RTT       : 284 ms
Jitter            : 32.7 ms
TTL               : 61
TTL Hint          : Unknown

Connection        : Unstable
Latency           : Poor
Packet Loss       : Excellent
Jitter            : Poor

Network Score     : 40/100
Overall Health    : Poor

Recommendation

High latency detected.
Check VPN.
Try another network.
Test nearby servers.

INFO PingM ping
INFO PingM ping: ping 8.8.8.8
INFO Built command: ping 8.8.8.8
INFO PingM engine: ping 8.8.8.8
INFO PingM engine: captured ping output
INFO PingM output parser: host=8.8.8.8 status=Partially Reachable loss=25%
INFO ==============================
PingM Network Analysis Report
==============================

Host              : 8.8.8.8
Status            : Partially Reachable

Packets Sent      : 4
Packets Received  : 3
Packet Loss       : 25%

Minimum RTT       : 31 ms
Maximum RTT       : 35 ms
Average RTT       : 33 ms
Jitter            : 2.0 ms
TTL               : 116
TTL Hint          : Unknown

Connection        : Stable
Latency           : Very Good
Packet Loss       : Poor
Jitter            : Excellent

Network Score     : 40/100
Overall Health    : Poor

Recommendation

High packet loss detected.
Check Wi-Fi signal.
Verify cable connection.
Retry after a few minutes.
Check firewall configuration.

INFO PingM ping
INFO PingM ping: ping 10.4.4.58
INFO Built command: ping 10.4.4.58
INFO PingM engine: ping 10.4.4.58
INFO PingM engine: captured ping output
INFO PingM output parser: host=10.4.4.58 status=Reachable loss=0%
INFO [95m==============================
PingM Network Analysis Report
==============================
[0m
Host              : 10.4.4.58
Status            : Reachable

Packets Sent      : 4
Packets Received  : 4
Packet Loss       : 0%

Minimum RTT       : 234 ms
Maximum RTT       : 251 ms
Average RTT       : 241 ms
Jitter            : 8.3 ms
TTL               : 61
TTL Hint          : Linux / macOS

Connection        : Moderate
Latency           : Poor
Packet Loss       : Excellent
Jitter            : Good

Network Score     : 55/100
Overall Health    : Poor

Recommendation

High latency detected.
Check VPN.
Try another network.
Test nearby servers.

INFO PingM ping
INFO PingM ping: ping 8.8.8.8
INFO Built command: ping 8.8.8.8
INFO PingM engine: ping 8.8.8.8
INFO PingM engine: captured ping output
INFO PingM output parser: host=8.8.8.8 status=Reachable loss=0%
INFO [95m==============================
PingM Network Analysis Report
==============================
[0m
Host              : 8.8.8.8
Status            : Reachable

Packets Sent      : 4
Packets Received  : 4
Packet Loss       : 0%

Minimum RTT       : 30 ms
Maximum RTT       : 36 ms
Average RTT       : 33 ms
Jitter            : 4.0 ms
TTL               : 116
TTL Hint          : Windows

Connection        : Moderate
Latency           : Very Good
Packet Loss       : Excellent
Jitter            : Excellent

Network Score     : 100/100
Overall Health    : Excellent

Recommendation

Network is healthy.
No corrective action required.

INFO PingM ping
INFO PingM ping: ping 8.8.8.8
INFO Built command: ping 8.8.8.8
INFO PingM engine: ping 8.8.8.8
INFO PingM engine: captured ping output
INFO PingM output parser: host=8.8.8.8 status=Reachable loss=0%
INFO [96m==============================
PingM Network Analysis Report
==============================
[0m
Host              : 8.8.8.8
Status            : Reachable

Packets Sent      : 4
Packets Received  : 4
Packet Loss       : 0%

Minimum RTT       : 35 ms
Maximum RTT       : 55 ms
Average RTT       : 43 ms
Jitter            : 11.0 ms
TTL               : 116
TTL Hint          : Windows

Connection        : Moderate
Latency           : Very Good
Packet Loss       : Excellent
Jitter            : Good

Network Score     : 100/100
Overall Health    : Excellent

Recommendation

Network is healthy.
No corrective action required.

INFO PingM ping
INFO PingM ping: ping 8.8.8.8
INFO Built command: ping 8.8.8.8
INFO PingM engine: ping 8.8.8.8
INFO PingM engine: captured ping output
INFO PingM output parser: host=8.8.8.8 status=Reachable loss=0%
INFO [96m==============================
PingM Network Analysis Report
==============================
[0m
Host              : 8.8.8.8
Status            : [92mReachable[0m

Packets Sent      : 4
Packets Received  : 4
Packet Loss       : 0%

Minimum RTT       : 35 ms
Maximum RTT       : 104 ms
Average RTT       : 59 ms
Jitter            : 23.0 ms
TTL               : 116
TTL Hint          : Windows

Connection        : Unstable
Latency           : Good
Packet Loss       : Excellent
Jitter            : Fair

Network Score     : 100/100
Overall Health    : Excellent

Recommendation

Unstable connection detected.
Run continuous monitoring.
Check signal strength.
Monitor packet loss over time.

INFO PingM ping
INFO PingM ping: ping 8.8.8.8
INFO Built command: ping 8.8.8.8
INFO PingM engine: ping 8.8.8.8
INFO PingM engine: captured ping output
INFO PingM output parser: host=8.8.8.8 status=Reachable loss=0%
INFO [96m==============================
PingM Network Analysis Report
==============================
[0m
Host              : [1m8.8.8.8[0m
Status            : [92mReachable[0m

Packets Sent      : [96m4[0m
Packets Received  : [96m4[0m
Packet Loss       : [97m0%[0m

Minimum RTT       : [97m30 ms[0m
Maximum RTT       : [97m74 ms[0m
Average RTT       : [97m44 ms[0m
Jitter            : [1m16.7 ms[0m
TTL               : [97m116[0m
TTL Hint          : [1mWindows[0m

Connection        : [97mUnstable[0m
Latency           : [1mVery Good[0m
Packet Loss       : [97mExcellent[0m
Jitter            : [1mFair[0m

Network Score     : [96m100/100[0m
Overall Health    : [97mExcellent[0m

Recommendation

[1mUnstable connection detected.
Run continuous monitoring.
Check signal strength.
Monitor packet loss over time.[0m

INFO PingM ping
INFO PingM ping: ping 8.8.8.8
INFO Built command: ping 8.8.8.8
INFO PingM engine: ping 8.8.8.8
INFO PingM engine: captured ping output
INFO PingM output parser: host=8.8.8.8 status=Reachable loss=0%
INFO [96m==============================
PingM Network Analysis Report
==============================
[0m
Host              : [1m8.8.8.8[0m
Status            : [92mReachable[0m

Packets Sent      : [96m4[0m
Packets Received  : [96m4[0m
Packet Loss       : [96m0%[0m

Minimum RTT       : [96m30 ms[0m
Maximum RTT       : [96m32 ms[0m
Average RTT       : [96m31 ms[0m
Jitter            : [96m2.0 ms[0m
TTL               : [96m116[0m
TTL Hint          : [96mWindows[0m

Connection        : [96mStable[0m
Latency           : [96mVery Good[0m
Packet Loss       : [96mExcellent[0m
Jitter            : [96mExcellent[0m

Network Score     : [96m100/100[0m
Overall Health    : [96mExcellent[0m

Recommendation

[96mNetwork is healthy.
No corrective action required.[0m

INFO PingM ping
INFO PingM ping: ping 8.8.8.8
INFO Built command: ping 8.8.8.8
INFO PingM engine: ping 8.8.8.8
INFO PingM engine: captured ping output
INFO PingM output parser: host=8.8.8.8 status=Reachable loss=0%
INFO [96m==============================
PingM Network Analysis Report
==============================
[0m
Host              : [93m8.8.8.8[0m
Status            : [92mReachable[0m

Packets Sent      : [96m4[0m
Packets Received  : [96m4[0m
Packet Loss       : [96m0%[0m

Minimum RTT       : [96m32 ms[0m
Maximum RTT       : [96m51 ms[0m
Average RTT       : [96m39 ms[0m
Jitter            : [96m9.0 ms[0m
TTL               : [96m116[0m
TTL Hint          : [96mWindows[0m

Connection        : [96mModerate[0m
Latency           : [96mVery Good[0m
Packet Loss       : [96mExcellent[0m
Jitter            : [96mGood[0m

Network Score     : [96m100/100[0m
Overall Health    : [96mExcellent[0m

Recommendation

[96mNetwork is healthy.
No corrective action required.[0m

INFO PingM ping
INFO PingM ping: ping 8.88.9.9
INFO Built command: ping 8.88.9.9
INFO PingM engine: ping 8.88.9.9
INFO PingM engine: captured ping output
INFO PingM output parser: host=8.88.9.9 status=Host Unreachable loss=100%
INFO [96m==============================
PingM Network Analysis Report
==============================
[0m
Host              : [93m8.88.9.9[0m
Status            : [91mHost Unreachable[0m

Packets Sent      : [96m4[0m
Packets Received  : [96m0[0m
Packet Loss       : [96m100%[0m

Minimum RTT       : [96mN/A[0m
Maximum RTT       : [96mN/A[0m
Average RTT       : [96mN/A[0m
Jitter            : [96m0.0 ms[0m
TTL               : [96mN/A[0m
TTL Hint          : [96mUnknown[0m

Connection        : [96mN/A[0m
Latency           : [96mN/A[0m
Packet Loss       : [96mFailed[0m
Jitter            : [96mExcellent[0m

Network Score     : [96m0/100[0m
Overall Health    : [96mCritical[0m

Recommendation

[96mHost is unreachable.
Check network connectivity.
Verify firewall configuration.
Confirm the target host is online.[0m

INFO PingM ping
INFO PingM ping: ping 8.8.8.8
INFO Built command: ping 8.8.8.8
INFO PingM engine: ping 8.8.8.8
INFO PingM engine: captured ping output
INFO PingM output parser: host=8.8.8.8 status=Reachable loss=0%
INFO [96m==============================
PingM Network Analysis Report
==============================
[0m
Host              : [93m8.8.8.8[0m
Status            : [92mReachable[0m

Packets Sent      : [96m4[0m
Packets Received  : [96m4[0m
Packet Loss       : [96m0%[0m

Minimum RTT       : [96m31 ms[0m
Maximum RTT       : [96m35 ms[0m
Average RTT       : [96m32 ms[0m
Jitter            : [96m2.0 ms[0m
TTL               : [96m116[0m
TTL Hint          : [96mWindows[0m

Connection        : [96mStable[0m
Latency           : [96mVery Good[0m
Packet Loss       : [96mExcellent[0m
Jitter            : [96mExcellent[0m

Network Score     : [96m100/100[0m
Overall Health    : [96mExcellent[0m

Recommendation:
[96mNetwork is healthy.
No corrective action required.[0m

INFO PingM ping
INFO PingM ping: ping 8.8.8.8
INFO Built command: ping 8.8.8.8
INFO PingM engine: ping 8.8.8.8
INFO PingM engine: captured ping output
INFO PingM output parser: host=8.8.8.8 status=Reachable loss=0%
INFO [96m==============================
PingM Network Analysis Report
==============================
[0m
[95mHost[0m              : [96m[93m8.8.8.8[0m[0m
[95mStatus[0m            : [96m[92mReachable[0m[0m

[95mPackets Sent[0m      : [96m[96m4[0m[0m
[95mPackets Received[0m  : [96m[96m4[0m[0m
[95mPacket Loss[0m       : [96m[96m0%[0m[0m

[95mMinimum RTT[0m       : [96m[96m30 ms[0m[0m
[95mMaximum RTT[0m       : [96m[96m67 ms[0m[0m
[95mAverage RTT[0m       : [96m[96m39 ms[0m[0m
[95mJitter[0m            : [96m[96m13.7 ms[0m[0m
[95mTTL[0m               : [96m[96m116[0m[0m
[95mTTL Hint[0m          : [96m[96mWindows[0m[0m

[95mConnection[0m        : [96m[96mUnstable[0m[0m
[95mLatency[0m           : [96m[96mVery Good[0m[0m
[95mPacket Loss[0m       : [96m[96mExcellent[0m[0m
[95mJitter[0m            : [96m[96mGood[0m[0m

[95mNetwork Score[0m     : [96m[96m100/100[0m[0m
[95mOverall Health[0m    : [96m[96mExcellent[0m[0m

Recommendation:
[96mUnstable connection detected.
Run continuous monitoring.
Check signal strength.
Monitor packet loss over time.[0m

INFO PingM ping
INFO PingM ping: ping 8.8.8.8
INFO Built command: ping 8.8.8.8
INFO PingM engine: ping 8.8.8.8
INFO PingM engine: captured ping output
INFO PingM output parser: host=8.8.8.8 status=Reachable loss=0%
INFO [96m==============================
PingM Network Analysis Report
==============================
[0m
[95mHost[0m              : [96m[93m8.8.8.8[0m[0m
[95mStatus[0m            : [96m[92mReachable[0m[0m

[95mPackets Sent[0m      : [96m[96m4[0m[0m
[95mPackets Received[0m  : [96m[96m4[0m[0m
[95mPacket Loss[0m       : [96m[96m0%[0m[0m

[95mMinimum RTT[0m       : [96m[96m30 ms[0m[0m
[95mMaximum RTT[0m       : [96m[96m42 ms[0m[0m
[95mAverage RTT[0m       : [96m[96m35 ms[0m[0m
[95mJitter[0m            : [96m[96m6.7 ms[0m[0m
[95mTTL[0m               : [96m[96m116[0m[0m
[95mTTL Hint[0m          : [96m[96mWindows[0m[0m

[95mConnection[0m        : [96m[96mModerate[0m[0m
[95mLatency[0m           : [96m[96mVery Good[0m[0m
[95mPacket Loss[0m       : [96m[96mExcellent[0m[0m
[95mJitter[0m            : [96m[96mGood[0m[0m

[95mNetwork Score[0m     : [96m[96m100/100[0m[0m
[95mOverall Health[0m    : [96m[96mExcellent[0m[0m

Recommendation:
[92mNetwork is healthy.
No corrective action required.[0m

INFO PingM ping
INFO PingM ping: ping 8.8.8.8
INFO Built command: ping 8.8.8.8
INFO PingM engine: ping 8.8.8.8
INFO PingM engine: captured ping output
INFO PingM output parser: host=8.8.8.8 status=Reachable loss=0%
INFO [95m==============================
PingM Network Analysis Report
==============================
[0m
[93mHost[0m              : [93m8.8.8.8[0m
[93mStatus[0m            : [92mReachable[0m

[93mPackets Sent[0m      : [96m4[0m
[93mPackets Received[0m  : [96m4[0m
[93mPacket Loss[0m       : [96m0%[0m

[93mMinimum RTT[0m       : [96m31 ms[0m
[93mMaximum RTT[0m       : [96m45 ms[0m
[93mAverage RTT[0m       : [96m36 ms[0m
[93mJitter[0m            : [96m8.0 ms[0m
[93mTTL[0m               : [96m116[0m
[93mTTL Hint[0m          : [96mWindows[0m

[93mConnection[0m        : [96mModerate[0m
[93mLatency[0m           : [96mVery Good[0m
[93mPacket Loss[0m       : [96mExcellent[0m
[93mJitter[0m            : [96mGood[0m

[93mNetwork Score[0m     : [96m100/100[0m
[93mOverall Health[0m    : [96mExcellent[0m

Recommendation:
[92mNetwork is healthy.
No corrective action required.[0m

INFO PingM ping
INFO PingM ping: ping 8.88.9.9
INFO Built command: ping 8.88.9.9
INFO PingM engine: ping 8.88.9.9
INFO PingM engine: captured ping output
INFO PingM output parser: host=8.88.9.9 status=Host Unreachable loss=100%
INFO [95m==============================
PingM Network Analysis Report
==============================
[0m
[93mHost[0m              : [93m8.88.9.9[0m
[93mStatus[0m            : [91mHost Unreachable[0m

[93mPackets Sent[0m      : [96m4[0m
[93mPackets Received[0m  : [96m0[0m
[93mPacket Loss[0m       : [96m100%[0m

[93mMinimum RTT[0m       : [96mN/A[0m
[93mMaximum RTT[0m       : [96mN/A[0m
[93mAverage RTT[0m       : [96mN/A[0m
[93mJitter[0m            : [96m0.0 ms[0m
[93mTTL[0m               : [96mN/A[0m
[93mTTL Hint[0m          : [96mUnknown[0m

[93mConnection[0m        : [96mN/A[0m
[93mLatency[0m           : [96mN/A[0m
[93mPacket Loss[0m       : [96mFailed[0m
[93mJitter[0m            : [96mExcellent[0m

[93mNetwork Score[0m     : [96m0/100[0m
[93mOverall Health[0m    : [96mCritical[0m

Recommendation:
[91mHost is unreachable.
Check network connectivity.
Verify firewall configuration.
Confirm the target host is online.[0m

INFO PingM ping
INFO PingM ping: ping 8.8.8.8
INFO Built command: ping 8.8.8.8
INFO PingM engine: ping 8.8.8.8
INFO PingM engine: captured ping output
INFO PingM output parser: host=8.8.8.8 status=Reachable loss=0%
INFO [95m==============================
PingM Network Analysis Report
==============================
[0m
[93mHost[0m              : [93m8.8.8.8[0m
[93mStatus[0m            : [92mReachable[0m

[93mPackets Sent[0m      : [96m4[0m
[93mPackets Received[0m  : [96m4[0m
[93mPacket Loss[0m       : [96m0%[0m

[93mMinimum RTT[0m       : [96m31 ms[0m
[93mMaximum RTT[0m       : [96m38 ms[0m
[93mAverage RTT[0m       : [96m35 ms[0m
[93mJitter[0m            : [96m3.3 ms[0m
[93mTTL[0m               : [96m116[0m
[93mTTL Hint[0m          : [96mWindows[0m

[93mConnection[0m        : [96mModerate[0m
[93mLatency[0m           : [96mVery Good[0m
[93mPacket Loss[0m       : [96mExcellent[0m
[93mJitter[0m            : [96mExcellent[0m

[93mNetwork Score[0m     : [96m100/100[0m
[93mOverall Health[0m    : [96mExcellent[0m

Recommendation:
[92mNetwork is healthy.
No corrective action required.[0m

INFO PingM ping
INFO PingM ping: ping 8.88.9.9
INFO Built command: ping 8.88.9.9
INFO PingM engine: ping 8.88.9.9
INFO PingM engine: captured ping output
INFO PingM output parser: host=8.88.9.9 status=Host Unreachable loss=100%
INFO [95m==============================
PingM Network Analysis Report
==============================
[0m
[93mHost[0m              : [93m8.88.9.9[0m
[93mStatus[0m            : [91mHost Unreachable[0m

[93mPackets Sent[0m      : [96m4[0m
[93mPackets Received[0m  : [96m0[0m
[93mPacket Loss[0m       : [96m100%[0m

[93mMinimum RTT[0m       : [96mN/A[0m
[93mMaximum RTT[0m       : [96mN/A[0m
[93mAverage RTT[0m       : [96mN/A[0m
[93mJitter[0m            : [96m0.0 ms[0m
[93mTTL[0m               : [96mN/A[0m
[93mTTL Hint[0m          : [96mUnknown[0m

[93mConnection[0m        : [96mN/A[0m
[93mLatency[0m           : [96mN/A[0m
[93mPacket Loss[0m       : [96mFailed[0m
[93mJitter[0m            : [96mExcellent[0m

[93mNetwork Score[0m     : [96m0/100[0m
[93mOverall Health[0m    : [96mCritical[0m

Recommendation:
[91mHost is unreachable.
Check network connectivity.
Verify firewall configuration.
Confirm the target host is online.[0m

INFO PingM ping
INFO PingM ping: ping 10.4.5.99
INFO Built command: ping 10.4.5.99
INFO PingM engine: ping 10.4.5.99
INFO PingM engine: captured ping output
INFO PingM output parser: host=10.4.5.99 status=Reachable loss=0%
INFO [95m==============================
PingM Network Analysis Report
==============================
[0m
[93mHost[0m              : [93m10.4.5.99[0m
[93mStatus[0m            : [92mReachable[0m

[93mPackets Sent[0m      : [96m4[0m
[93mPackets Received[0m  : [96m4[0m
[93mPacket Loss[0m       : [96m0%[0m

[93mMinimum RTT[0m       : [96m234 ms[0m
[93mMaximum RTT[0m       : [96m320 ms[0m
[93mAverage RTT[0m       : [96m260 ms[0m
[93mJitter[0m            : [96m28.7 ms[0m
[93mTTL[0m               : [96m61[0m
[93mTTL Hint[0m          : [96mLinux / macOS[0m

[93mConnection[0m        : [96mUnstable[0m
[93mLatency[0m           : [96mPoor[0m
[93mPacket Loss[0m       : [96mExcellent[0m
[93mJitter[0m            : [96mFair[0m

[93mNetwork Score[0m     : [96m55/100[0m
[93mOverall Health[0m    : [96mPoor[0m

Recommendation:
[93mHigh latency detected.
Check VPN.
Try another network.
Test nearby servers.[0m

INFO PingM ping
INFO PingM ping: ping 10.4.5.99
INFO Built command: ping 10.4.5.99
INFO PingM engine: ping 10.4.5.99
INFO PingM engine: captured ping output
INFO PingM output parser: host=10.4.5.99 status=Reachable loss=0%
INFO [95m==============================
PingM Network Analysis Report
==============================
[0m
[93mHost[0m              : [93m10.4.5.99[0m
[93mStatus[0m            : [92mReachable[0m

[93mPackets Sent[0m      : [96m4[0m
[93mPackets Received[0m  : [96m4[0m
[93mPacket Loss[0m       : [96m0%[0m

[93mMinimum RTT[0m       : [96m245 ms[0m
[93mMaximum RTT[0m       : [96m313 ms[0m
[93mAverage RTT[0m       : [96m290 ms[0m
[93mJitter[0m            : [96m30.3 ms[0m
[93mTTL[0m               : [96m61[0m
[93mTTL Hint[0m          : [96mLinux / macOS[0m

[93mConnection[0m        : [96mUnstable[0m
[93mLatency[0m           : [96mPoor[0m
[93mPacket Loss[0m       : [96mExcellent[0m
[93mJitter[0m            : [96mPoor[0m

[93mNetwork Score[0m     : [96m40/100[0m
[93mOverall Health[0m    : [96mPoor[0m

Recommendation:
[93mHigh latency detected.
Check VPN.
Try another network.
Test nearby servers.[0m

INFO PingM ping
INFO PingM ping: ping 8.88.9.9
INFO Built command: ping 8.88.9.9
INFO PingM engine: ping 8.88.9.9
INFO PingM engine: captured ping output
INFO PingM output parser: host=8.88.9.9 status=Host Unreachable loss=100%
INFO [95m==============================
PingM Network Analysis Report
==============================
[0m
[93mHost[0m              : [93m8.88.9.9[0m
[93mStatus[0m            : [91mHost Unreachable[0m

[93mPackets Sent[0m      : [96m4[0m
[93mPackets Received[0m  : [96m0[0m
[93mPacket Loss[0m       : [96m100%[0m

[93mMinimum RTT[0m       : [96mN/A[0m
[93mMaximum RTT[0m       : [96mN/A[0m
[93mAverage RTT[0m       : [96mN/A[0m
[93mJitter[0m            : [96m0.0 ms[0m
[93mTTL[0m               : [96mN/A[0m
[93mTTL Hint[0m          : [96mUnknown[0m

[93mConnection[0m        : [96mN/A[0m
[93mLatency[0m           : [96mN/A[0m
[93mPacket Loss[0m       : [96mFailed[0m
[93mJitter[0m            : [96mExcellent[0m

[93mNetwork Score[0m     : [96m0/100[0m
[93mOverall Health[0m    : [96mCritical[0m

Recommendation:
[91mHost is unreachable.
Check network connectivity.
Verify firewall configuration.
Confirm the target host is online.[0m

INFO PingM ping
INFO PingM ping: ping 10.4.5.99
INFO Built command: ping 10.4.5.99
INFO PingM engine: ping 10.4.5.99
INFO PingM engine: captured ping output
INFO PingM output parser: host=10.4.5.99 status=Reachable loss=0%
INFO [95m==============================
PingM Network Analysis Report
==============================
[0m
[93mHost[0m              : [93m10.4.5.99[0m
[93mStatus[0m            : [92mReachable[0m

[93mPackets Sent[0m      : [96m4[0m
[93mPackets Received[0m  : [96m4[0m
[93mPacket Loss[0m       : [96m0%[0m

[93mMinimum RTT[0m       : [96m258 ms[0m
[93mMaximum RTT[0m       : [96m294 ms[0m
[93mAverage RTT[0m       : [96m273 ms[0m
[93mJitter[0m            : [96m25.3 ms[0m
[93mTTL[0m               : [96m61[0m
[93mTTL Hint[0m          : [96mLinux / macOS[0m

[93mConnection[0m        : [96mUnstable[0m
[93mLatency[0m           : [96mPoor[0m
[93mPacket Loss[0m       : [96mExcellent[0m
[93mJitter[0m            : [96mFair[0m

[93mNetwork Score[0m     : [96m55/100[0m
[93mOverall Health[0m    : [96mPoor[0m

Recommendation:
[93mHigh latency detected.
Check VPN.
Try another network.
Test nearby servers.[0m

INFO PingM ping
INFO PingM ping: ping 8.8.8.8
INFO Built command: ping 8.8.8.8
INFO PingM engine: ping 8.8.8.8
INFO PingM engine: captured ping output
INFO PingM output parser: host=8.8.8.8 status=Reachable loss=0%
INFO [95m==============================
PingM Network Analysis Report
==============================
[0m
[93mHost[0m              : [93m8.8.8.8[0m
[93mStatus[0m            : [92mReachable[0m

[93mPackets Sent[0m      : [96m4[0m
[93mPackets Received[0m  : [96m4[0m
[93mPacket Loss[0m       : [96m0%[0m

[93mMinimum RTT[0m       : [96m32 ms[0m
[93mMaximum RTT[0m       : [96m80 ms[0m
[93mAverage RTT[0m       : [96m59 ms[0m
[93mJitter[0m            : [96m22.7 ms[0m
[93mTTL[0m               : [96m116[0m
[93mTTL Hint[0m          : [96mWindows[0m

[93mConnection[0m        : [96mUnstable[0m
[93mLatency[0m           : [96mGood[0m
[93mPacket Loss[0m       : [96mExcellent[0m
[93mJitter[0m            : [96mFair[0m

[93mNetwork Score[0m     : [96m100/100[0m
[93mOverall Health[0m    : [96mExcellent[0m

Recommendation:
[93mUnstable connection detected.
Run continuous monitoring.
Check signal strength.
Monitor packet loss over time.[0m

INFO PingM ping
INFO PingM ping: ping 8.8.8.8
INFO Built command: ping 8.8.8.8
INFO PingM engine: ping 8.8.8.8
INFO PingM engine: captured ping output
INFO PingM output parser: host=8.8.8.8 status=Reachable loss=0%
INFO [95m==============================
PingM Network Analysis Report
==============================
[0m
[93mHost[0m              : [93m8.8.8.8[0m
[93mStatus[0m            : [92mReachable[0m

[93mPackets Sent[0m      : [96m4[0m
[93mPackets Received[0m  : [96m4[0m
[93mPacket Loss[0m       : [96m0%[0m

[93mMinimum RTT[0m       : [96m36 ms[0m
[93mMaximum RTT[0m       : [96m58 ms[0m
[93mAverage RTT[0m       : [96m46 ms[0m
[93mJitter[0m            : [96m8.7 ms[0m
[93mTTL[0m               : [96m116[0m
[93mTTL Hint[0m          : [96mWindows[0m

[93mConnection[0m        : [96mUnstable[0m
[93mLatency[0m           : [96mVery Good[0m
[93mPacket Loss[0m       : [96mNo Packet Loss[0m
[93mJitter[0m            : [96mGood[0m

[93mNetwork Score[0m     : [96m100/100[0m
[93mOverall Health[0m    : [96mExcellent[0m

Recommendation:
[93mUnstable connection detected.
Run continuous monitoring.
Check signal strength.
Monitor packet loss over time.[0m

INFO PingM ping
INFO PingM ping: ping 10.4.4.58
INFO Built command: ping 10.4.4.58
INFO PingM engine: ping 10.4.4.58
INFO PingM engine: captured ping output
INFO PingM output parser: host=10.4.4.58 status=Reachable loss=0%
INFO [95m==============================
PingM Network Analysis Report
==============================
[0m
[93mHost[0m              : [93m10.4.4.58[0m
[93mStatus[0m            : [92mReachable[0m

[93mPackets Sent[0m      : [96m4[0m
[93mPackets Received[0m  : [96m4[0m
[93mPacket Loss[0m       : [96m0%[0m

[93mMinimum RTT[0m       : [96m236 ms[0m
[93mMaximum RTT[0m       : [96m356 ms[0m
[93mAverage RTT[0m       : [96m297 ms[0m
[93mJitter[0m            : [96m76.0 ms[0m
[93mTTL[0m               : [96m61[0m
[93mTTL Hint[0m          : [96mLinux / macOS[0m

[93mConnection[0m        : [96mUnstable[0m
[93mLatency[0m           : [96mPoor[0m
[93mPacket Loss[0m       : [96mNo Packet Loss[0m
[93mJitter[0m            : [96mPoor[0m

[93mNetwork Score[0m     : [96m40/100[0m
[93mOverall Health[0m    : [96mPoor[0m

Recommendation:
[93mHigh latency detected.
Check VPN.
Try another network.
Test nearby servers.[0m

INFO PingM ping
INFO PingM ping: ping 8.8.8.8
INFO Built command: ping -n 4 8.8.8.8
INFO PingM engine: ping -n 4 8.8.8.8
INFO PingM engine: captured ping output
INFO PingM output parser: host=8.8.8.8 status=Reachable loss=0%
INFO [95m==============================
PingM Network Analysis Report
==============================
[0m
[93mHost[0m              : [93m8.8.8.8[0m
[93mStatus[0m            : [92mReachable[0m

[93mPackets Sent[0m      : [96m4[0m
[93mPackets Received[0m  : [96m4[0m
[93mPacket Loss[0m       : [96m0%[0m

[93mMinimum RTT[0m       : [96m39 ms[0m
[93mMaximum RTT[0m       : [96m259 ms[0m
[93mAverage RTT[0m       : [96m95 ms[0m
[93mJitter[0m            : [96m145.7 ms[0m
[93mTTL[0m               : [96m116[0m
[93mTTL Hint[0m          : [96mWindows[0m

[93mConnection[0m        : [96mUnstable[0m
[93mLatency[0m           : [96mGood[0m
[93mPacket Loss[0m       : [96mNo Packet Loss[0m
[93mJitter[0m            : [96mPoor[0m

[93mNetwork Score[0m     : [96m85/100[0m
[93mOverall Health[0m    : [96mGood[0m

Recommendation:
[93mUnstable connection detected.
Run continuous monitoring.
Check signal strength.
Monitor packet loss over time.[0m

INFO PingM ping
INFO PingM ping: ping 10.4.4.58
INFO Built command: ping -n 4 10.4.4.58
INFO PingM engine: ping -n 4 10.4.4.58
INFO PingM engine: captured ping output
INFO PingM output parser: host=10.4.4.58 status=Reachable loss=0%
INFO [95m==============================
PingM Network Analysis Report
==============================
[0m
[93mHost[0m              : [93m10.4.4.58[0m
[93mStatus[0m            : [92mReachable[0m

[93mPackets Sent[0m      : [96m4[0m
[93mPackets Received[0m  : [96m4[0m
[93mPacket Loss[0m       : [96m0%[0m

[93mMinimum RTT[0m       : [96m237 ms[0m
[93mMaximum RTT[0m       : [96m389 ms[0m
[93mAverage RTT[0m       : [96m296 ms[0m
[93mJitter[0m            : [96m85.7 ms[0m
[93mTTL[0m               : [96m61[0m
[93mTTL Hint[0m          : [96mLinux / macOS[0m

[93mConnection[0m        : [96mUnstable[0m
[93mLatency[0m           : [96mPoor[0m
[93mPacket Loss[0m       : [96mNo Packet Loss[0m
[93mJitter[0m            : [96mPoor[0m

[93mNetwork Score[0m     : [96m40/100[0m
[93mOverall Health[0m    : [96mPoor[0m

Recommendation:
[93mHigh latency detected.
Check VPN.
Try another network.
Test nearby servers.[0m

